# JRE version: Java(TM) SE Runtime Environment (17.0.12+8) (build 17.0.12+8-LTS-286)
# Java VM: Java HotSpot(TM) 64-Bit Server VM (17.0.12+8-LTS-286, mixed mode, sharing, tiered, compressed oops, compressed class ptrs, g1 gc, windows-amd64)
GC Precious Log:
 CPUs: 8 total, 8 available
 Memory: 7439M
 Large Page Support: Disabled
 NUMA Support: Disabled
 Compressed Oops: Enabled (32-bit)
 Heap Region Size: 1M
 Heap Min Capacity: 8M
 Heap Initial Capacity: 118M
 Heap Max Capacity: 1860M
 Pre-touch: Disabled
 Parallel Workers: 8
 Concurrent Workers: 2
 Concurrent Refinement Workers: 8
 Periodic GC: Disabled
Heap:
 garbage-first heap   total 78848K, used 53302K [0x000000008bc00000, 0x0000000100000000)
  region size 1024K, 34 young (34816K), 7 survivors (7168K)
 Metaspace       used 33874K, committed 34560K, reserved 1114112K
  class space    used 4242K, committed 4544K, reserved 1048576K
GC Heap History (10 events):
Event: 1.051 GC heap before
{Heap before GC invocations=0 (full 0):
 garbage-first heap   total 120832K, used 24576K [0x000000008bc00000, 0x0000000100000000)
  region size 1024K, 23 young (23552K), 0 survivors (0K)
 Metaspace       used 5009K, committed 5184K, reserved 1114112K
  class space    used 500K, committed 576K, reserved 1048576K
}
Event: 1.060 GC heap after
{Heap after GC invocations=1 (full 0):
 garbage-first heap   total 120832K, used 8708K [0x000000008bc00000, 0x0000000100000000)
  region size 1024K, 3 young (3072K), 3 survivors (3072K)
 Metaspace       used 5009K, committed 5184K, reserved 1114112K
  class space    used 500K, committed 576K, reserved 1048576K
}
Event: 2.024 GC heap before
{Heap before GC invocations=1 (full 0):
 garbage-first heap   total 120832K, used 33284K [0x000000008bc00000, 0x0000000100000000)
  region size 1024K, 28 young (28672K), 3 survivors (3072K)
 Metaspace       used 11817K, committed 12032K, reserved 1114112K
  class space    used 1373K, committed 1472K, reserved 1048576K
}
Event: 2.032 GC heap after
{Heap after GC invocations=2 (full 0):
 garbage-first heap   total 120832K, used 11220K [0x000000008bc00000, 0x0000000100000000)
  region size 1024K, 3 young (3072K), 3 survivors (3072K)
 Metaspace       used 11817K, committed 12032K, reserved 1114112K
  class space    used 1373K, committed 1472K, reserved 1048576K
}
Event: 3.964 GC heap before
{Heap before GC invocations=2 (full 0):
 garbage-first heap   total 120832K, used 81876K [0x000000008bc00000, 0x0000000100000000)
  region size 1024K, 70 young (71680K), 3 survivors (3072K)
 Metaspace       used 19927K, committed 20288K, reserved 1114112K
  class space    used 2347K, committed 2496K, reserved 1048576K
}
Event: 3.987 GC heap after
{Heap after GC invocations=3 (full 0):
 garbage-first heap   total 120832K, used 20682K [0x000000008bc00000, 0x0000000100000000)
  region size 1024K, 9 young (9216K), 9 survivors (9216K)
 Metaspace       used 19927K, committed 20288K, reserved 1114112K
  class space    used 2347K, committed 2496K, reserved 1048576K
}
Event: 4.122 GC heap before
{Heap before GC invocations=3 (full 0):
 garbage-first heap   total 120832K, used 24778K [0x000000008bc00000, 0x0000000100000000)
  region size 1024K, 14 young (14336K), 9 survivors (9216K)
 Metaspace       used 21090K, committed 21504K, reserved 1114112K
  class space    used 2481K, committed 2688K, reserved 1048576K
}
Event: 4.136 GC heap after
{Heap after GC invocations=4 (full 0):
 garbage-first heap   total 120832K, used 21898K [0x000000008bc00000, 0x0000000100000000)
  region size 1024K, 1 young (1024K), 1 survivors (1024K)
 Metaspace       used 21090K, committed 21504K, reserved 1114112K
  class space    used 2481K, committed 2688K, reserved 1048576K
}
Event: 6.515 GC heap before
{Heap before GC invocations=5 (full 0):
 garbage-first heap   total 78848K, used 65930K [0x000000008bc00000, 0x0000000100000000)
  region size 1024K, 45 young (46080K), 1 survivors (1024K)
 Metaspace       used 29173K, committed 29760K, reserved 1114112K
  class space    used 3555K, committed 3776K, reserved 1048576K
}
Event: 6.532 GC heap after
{Heap after GC invocations=6 (full 0):
 garbage-first heap   total 78848K, used 27702K [0x000000008bc00000, 0x0000000100000000)
  region size 1024K, 7 young (7168K), 7 survivors (7168K)
 Metaspace       used 29173K, committed 29760K, reserved 1114112K
  class space    used 3555K, committed 3776K, reserved 1048576K
}

