# JRE version: OpenJDK Runtime Environment Temurin-21.0.10+7 (21.0.10+7) (build 21.0.10+7-LTS)
# Java VM: OpenJDK 64-Bit Server VM Temurin-21.0.10+7 (21.0.10+7-LTS, mixed mode, sharing, tiered, compressed oops, compressed class ptrs, parallel gc, windows-amd64)
GC Precious Log:
 CardTable entry size: 512
 CPUs: 8 total, 8 available
 Memory: 7439M
 Large Page Support: Disabled
 NUMA Support: Disabled
 Compressed Oops: Enabled (32-bit)
 Alignments: Space 512K, Generation 512K, Heap 2M
 Heap Min Capacity: 100M
 Heap Initial Capacity: 100M
 Heap Max Capacity: 2G
 Pre-touch: Disabled
 Parallel Workers: 8
Heap:
 PSYoungGen      total 22016K, used 6587K [0x00000000d5580000, 0x00000000d7000000, 0x0000000100000000)
  eden space 18432K, 35% used [0x00000000d5580000,0x00000000d5beec48,0x00000000d6780000)
  from space 3584K, 0% used [0x00000000d6c80000,0x00000000d6c80000,0x00000000d7000000)
  to   space 3584K, 0% used [0x00000000d6900000,0x00000000d6900000,0x00000000d6c80000)
 ParOldGen       total 69632K, used 54257K [0x0000000080000000, 0x0000000084400000, 0x00000000d5580000)
  object space 69632K, 77% used [0x0000000080000000,0x00000000834fc6b8,0x0000000084400000)
 Metaspace       used 58769K, committed 60160K, reserved 1114112K
  class space    used 6230K, committed 6848K, reserved 1048576K
GC Heap History (20 events):
Event: 17.128 GC heap before
{Heap before GC invocations=42 (full 2):
 PSYoungGen      total 19968K, used 19494K [0x00000000d5580000, 0x00000000d6b80000, 0x0000000100000000)
  eden space 18944K, 100% used [0x00000000d5580000,0x00000000d6800000,0x00000000d6800000)
  from space 1024K, 53% used [0x00000000d6800000,0x00000000d6889ba0,0x00000000d6900000)
  to   space 1536K, 0% used [0x00000000d6a00000,0x00000000d6a00000,0x00000000d6b80000)
 ParOldGen       total 68608K, used 59780K [0x0000000080000000, 0x0000000084300000, 0x00000000d5580000)
  object space 68608K, 87% used [0x0000000080000000,0x0000000083a612c0,0x0000000084300000)
 Metaspace       used 56745K, committed 58176K, reserved 1114112K
  class space    used 6097K, committed 6720K, reserved 1048576K
}
Event: 17.131 GC heap after
{Heap after GC invocations=42 (full 2):
 PSYoungGen      total 19968K, used 640K [0x00000000d5580000, 0x00000000d6b00000, 0x0000000100000000)
  eden space 18944K, 0% used [0x00000000d5580000,0x00000000d5580000,0x00000000d6800000)
  from space 1024K, 62% used [0x00000000d6a00000,0x00000000d6aa0000,0x00000000d6b00000)
  to   space 1024K, 0% used [0x00000000d6800000,0x00000000d6800000,0x00000000d6900000)
 ParOldGen       total 68608K, used 60211K [0x0000000080000000, 0x0000000084300000, 0x00000000d5580000)
  object space 68608K, 87% used [0x0000000080000000,0x0000000083accef8,0x0000000084300000)
 Metaspace       used 56745K, committed 58176K, reserved 1114112K
  class space    used 6097K, committed 6720K, reserved 1048576K
}
Event: 17.182 GC heap before
{Heap before GC invocations=43 (full 2):
 PSYoungGen      total 19968K, used 19584K [0x00000000d5580000, 0x00000000d6b00000, 0x0000000100000000)
  eden space 18944K, 100% used [0x00000000d5580000,0x00000000d6800000,0x00000000d6800000)
  from space 1024K, 62% used [0x00000000d6a00000,0x00000000d6aa0000,0x00000000d6b00000)
  to   space 1024K, 0% used [0x00000000d6800000,0x00000000d6800000,0x00000000d6900000)
 ParOldGen       total 68608K, used 60211K [0x0000000080000000, 0x0000000084300000, 0x00000000d5580000)
  object space 68608K, 87% used [0x0000000080000000,0x0000000083accef8,0x0000000084300000)
 Metaspace       used 56806K, committed 58176K, reserved 1114112K
  class space    used 6105K, committed 6720K, reserved 1048576K
}
Event: 17.184 GC heap after
{Heap after GC invocations=43 (full 2):
 PSYoungGen      total 19968K, used 670K [0x00000000d5580000, 0x00000000d6a80000, 0x0000000100000000)
  eden space 18944K, 0% used [0x00000000d5580000,0x00000000d5580000,0x00000000d6800000)
  from space 1024K, 65% used [0x00000000d6800000,0x00000000d68a7ab0,0x00000000d6900000)
  to   space 1024K, 0% used [0x00000000d6980000,0x00000000d6980000,0x00000000d6a80000)
 ParOldGen       total 68608K, used 60725K [0x0000000080000000, 0x0000000084300000, 0x00000000d5580000)
  object space 68608K, 88% used [0x0000000080000000,0x0000000083b4d500,0x0000000084300000)
 Metaspace       used 56806K, committed 58176K, reserved 1114112K
  class space    used 6105K, committed 6720K, reserved 1048576K
}
Event: 17.286 GC heap before
{Heap before GC invocations=44 (full 2):
 PSYoungGen      total 19968K, used 19614K [0x00000000d5580000, 0x00000000d6a80000, 0x0000000100000000)
  eden space 18944K, 100% used [0x00000000d5580000,0x00000000d6800000,0x00000000d6800000)
  from space 1024K, 65% used [0x00000000d6800000,0x00000000d68a7ab0,0x00000000d6900000)
  to   space 1024K, 0% used [0x00000000d6980000,0x00000000d6980000,0x00000000d6a80000)
 ParOldGen       total 68608K, used 60725K [0x0000000080000000, 0x0000000084300000, 0x00000000d5580000)
  object space 68608K, 88% used [0x0000000080000000,0x0000000083b4d500,0x0000000084300000)
 Metaspace       used 56953K, committed 58304K, reserved 1114112K
  class space    used 6120K, committed 6720K, reserved 1048576K
}
Event: 17.290 GC heap after
{Heap after GC invocations=44 (full 2):
 PSYoungGen      total 19456K, used 993K [0x00000000d5580000, 0x00000000d6c00000, 0x0000000100000000)
  eden space 18432K, 0% used [0x00000000d5580000,0x00000000d5580000,0x00000000d6780000)
  from space 1024K, 96% used [0x00000000d6980000,0x00000000d6a78410,0x00000000d6a80000)
  to   space 2048K, 0% used [0x00000000d6780000,0x00000000d6780000,0x00000000d6980000)
 ParOldGen       total 68608K, used 61465K [0x0000000080000000, 0x0000000084300000, 0x00000000d5580000)
  object space 68608K, 89% used [0x0000000080000000,0x0000000083c067e8,0x0000000084300000)
 Metaspace       used 56953K, committed 58304K, reserved 1114112K
  class space    used 6120K, committed 6720K, reserved 1048576K
}
Event: 17.458 GC heap before
{Heap before GC invocations=45 (full 2):
 PSYoungGen      total 19456K, used 19425K [0x00000000d5580000, 0x00000000d6c00000, 0x0000000100000000)
  eden space 18432K, 100% used [0x00000000d5580000,0x00000000d6780000,0x00000000d6780000)
  from space 1024K, 96% used [0x00000000d6980000,0x00000000d6a78410,0x00000000d6a80000)
  to   space 2048K, 0% used [0x00000000d6780000,0x00000000d6780000,0x00000000d6980000)
 ParOldGen       total 68608K, used 61465K [0x0000000080000000, 0x0000000084300000, 0x00000000d5580000)
  object space 68608K, 89% used [0x0000000080000000,0x0000000083c067e8,0x0000000084300000)
 Metaspace       used 57176K, committed 58560K, reserved 1114112K
  class space    used 6130K, committed 6720K, reserved 1048576K
}
Event: 17.462 GC heap after
{Heap after GC invocations=45 (full 2):
 PSYoungGen      total 19968K, used 1136K [0x00000000d5580000, 0x00000000d6a80000, 0x0000000100000000)
  eden space 18432K, 0% used [0x00000000d5580000,0x00000000d5580000,0x00000000d6780000)
  from space 1536K, 73% used [0x00000000d6780000,0x00000000d689c010,0x00000000d6900000)
  to   space 1536K, 0% used [0x00000000d6900000,0x00000000d6900000,0x00000000d6a80000)
 ParOldGen       total 68608K, used 62434K [0x0000000080000000, 0x0000000084300000, 0x00000000d5580000)
  object space 68608K, 91% used [0x0000000080000000,0x0000000083cf8908,0x0000000084300000)
 Metaspace       used 57176K, committed 58560K, reserved 1114112K
  class space    used 6130K, committed 6720K, reserved 1048576K
}
Event: 17.566 GC heap before
{Heap before GC invocations=46 (full 2):
 PSYoungGen      total 19968K, used 19568K [0x00000000d5580000, 0x00000000d6a80000, 0x0000000100000000)
  eden space 18432K, 100% used [0x00000000d5580000,0x00000000d6780000,0x00000000d6780000)
  from space 1536K, 73% used [0x00000000d6780000,0x00000000d689c010,0x00000000d6900000)
  to   space 1536K, 0% used [0x00000000d6900000,0x00000000d6900000,0x00000000d6a80000)
 ParOldGen       total 68608K, used 62434K [0x0000000080000000, 0x0000000084300000, 0x00000000d5580000)
  object space 68608K, 91% used [0x0000000080000000,0x0000000083cf8908,0x0000000084300000)
 Metaspace       used 57244K, committed 58624K, reserved 1114112K
  class space    used 6132K, committed 6720K, reserved 1048576K
}
Event: 17.569 GC heap after
{Heap after GC invocations=46 (full 2):
 PSYoungGen      total 19968K, used 1041K [0x00000000d5580000, 0x00000000d6a80000, 0x0000000100000000)
  eden space 18432K, 0% used [0x00000000d5580000,0x00000000d5580000,0x00000000d6780000)
  from space 1536K, 67% used [0x00000000d6900000,0x00000000d6a046d8,0x00000000d6a80000)
  to   space 1536K, 0% used [0x00000000d6780000,0x00000000d6780000,0x00000000d6900000)
 ParOldGen       total 68608K, used 63439K [0x0000000080000000, 0x0000000084300000, 0x00000000d5580000)
  object space 68608K, 92% used [0x0000000080000000,0x0000000083df3ef8,0x0000000084300000)
 Metaspace       used 57244K, committed 58624K, reserved 1114112K
  class space    used 6132K, committed 6720K, reserved 1048576K
}
Event: 17.653 GC heap before
{Heap before GC invocations=47 (full 2):
 PSYoungGen      total 19968K, used 19473K [0x00000000d5580000, 0x00000000d6a80000, 0x0000000100000000)
  eden space 18432K, 100% used [0x00000000d5580000,0x00000000d6780000,0x00000000d6780000)
  from space 1536K, 67% used [0x00000000d6900000,0x00000000d6a046d8,0x00000000d6a80000)
  to   space 1536K, 0% used [0x00000000d6780000,0x00000000d6780000,0x00000000d6900000)
 ParOldGen       total 68608K, used 63439K [0x0000000080000000, 0x0000000084300000, 0x00000000d5580000)
  object space 68608K, 92% used [0x0000000080000000,0x0000000083df3ef8,0x0000000084300000)
 Metaspace       used 57303K, committed 58688K, reserved 1114112K
  class space    used 6134K, committed 6720K, reserved 1048576K
}
Event: 17.657 GC heap after
{Heap after GC invocations=47 (full 2):
 PSYoungGen      total 19456K, used 787K [0x00000000d5580000, 0x00000000d6980000, 0x0000000100000000)
  eden space 18432K, 0% used [0x00000000d5580000,0x00000000d5580000,0x00000000d6780000)
  from space 1024K, 76% used [0x00000000d6780000,0x00000000d6844d60,0x00000000d6880000)
  to   space 1024K, 0% used [0x00000000d6880000,0x00000000d6880000,0x00000000d6980000)
 ParOldGen       total 68608K, used 64303K [0x0000000080000000, 0x0000000084300000, 0x00000000d5580000)
  object space 68608K, 93% used [0x0000000080000000,0x0000000083ecbda8,0x0000000084300000)
 Metaspace       used 57303K, committed 58688K, reserved 1114112K
  class space    used 6134K, committed 6720K, reserved 1048576K
}
Event: 18.108 GC heap before
{Heap before GC invocations=48 (full 2):
 PSYoungGen      total 19456K, used 19219K [0x00000000d5580000, 0x00000000d6980000, 0x0000000100000000)
  eden space 18432K, 100% used [0x00000000d5580000,0x00000000d6780000,0x00000000d6780000)
  from space 1024K, 76% used [0x00000000d6780000,0x00000000d6844d60,0x00000000d6880000)
  to   space 1024K, 0% used [0x00000000d6880000,0x00000000d6880000,0x00000000d6980000)
 ParOldGen       total 68608K, used 64303K [0x0000000080000000, 0x0000000084300000, 0x00000000d5580000)
  object space 68608K, 93% used [0x0000000080000000,0x0000000083ecbda8,0x0000000084300000)
 Metaspace       used 57513K, committed 58880K, reserved 1114112K
  class space    used 6151K, committed 6784K, reserved 1048576K
}
Event: 18.111 GC heap after
{Heap after GC invocations=48 (full 2):
 PSYoungGen      total 19456K, used 926K [0x00000000d5580000, 0x00000000d6980000, 0x0000000100000000)
  eden space 18432K, 0% used [0x00000000d5580000,0x00000000d5580000,0x00000000d6780000)
  from space 1024K, 90% used [0x00000000d6880000,0x00000000d6967b38,0x00000000d6980000)
  to   space 1024K, 0% used [0x00000000d6780000,0x00000000d6780000,0x00000000d6880000)
 ParOldGen       total 68608K, used 64989K [0x0000000080000000, 0x0000000084300000, 0x00000000d5580000)
  object space 68608K, 94% used [0x0000000080000000,0x0000000083f77780,0x0000000084300000)
 Metaspace       used 57513K, committed 58880K, reserved 1114112K
  class space    used 6151K, committed 6784K, reserved 1048576K
}
Event: 18.904 GC heap before
{Heap before GC invocations=49 (full 2):
 PSYoungGen      total 19456K, used 19358K [0x00000000d5580000, 0x00000000d6980000, 0x0000000100000000)
  eden space 18432K, 100% used [0x00000000d5580000,0x00000000d6780000,0x00000000d6780000)
  from space 1024K, 90% used [0x00000000d6880000,0x00000000d6967b38,0x00000000d6980000)
  to   space 1024K, 0% used [0x00000000d6780000,0x00000000d6780000,0x00000000d6880000)
 ParOldGen       total 68608K, used 64989K [0x0000000080000000, 0x0000000084300000, 0x00000000d5580000)
  object space 68608K, 94% used [0x0000000080000000,0x0000000083f77780,0x0000000084300000)
 Metaspace       used 57927K, committed 59328K, reserved 1114112K
  class space    used 6176K, committed 6784K, reserved 1048576K
}
Event: 18.916 GC heap after
{Heap after GC invocations=49 (full 2):
 PSYoungGen      total 19456K, used 1024K [0x00000000d5580000, 0x00000000d7180000, 0x0000000100000000)
  eden space 18432K, 0% used [0x00000000d5580000,0x00000000d5580000,0x00000000d6780000)
  from space 1024K, 100% used [0x00000000d6780000,0x00000000d6880000,0x00000000d6880000)
  to   space 5120K, 0% used [0x00000000d6c80000,0x00000000d6c80000,0x00000000d7180000)
 ParOldGen       total 68608K, used 68213K [0x0000000080000000, 0x0000000084300000, 0x00000000d5580000)
  object space 68608K, 99% used [0x0000000080000000,0x000000008429d490,0x0000000084300000)
 Metaspace       used 57927K, committed 59328K, reserved 1114112K
  class space    used 6176K, committed 6784K, reserved 1048576K
}
Event: 20.178 GC heap before
{Heap before GC invocations=50 (full 2):
 PSYoungGen      total 19456K, used 14418K [0x00000000d5580000, 0x00000000d7180000, 0x0000000100000000)
  eden space 18432K, 72% used [0x00000000d5580000,0x00000000d6294ab8,0x00000000d6780000)
  from space 1024K, 100% used [0x00000000d6780000,0x00000000d6880000,0x00000000d6880000)
  to   space 5120K, 0% used [0x00000000d6c80000,0x00000000d6c80000,0x00000000d7180000)
 ParOldGen       total 68608K, used 68213K [0x0000000080000000, 0x0000000084300000, 0x00000000d5580000)
  object space 68608K, 99% used [0x0000000080000000,0x000000008429d490,0x0000000084300000)
 Metaspace       used 58415K, committed 59776K, reserved 1114112K
  class space    used 6190K, committed 6784K, reserved 1048576K
}
Event: 20.182 GC heap after
{Heap after GC invocations=50 (full 2):
 PSYoungGen      total 22016K, used 3209K [0x00000000d5580000, 0x00000000d7000000, 0x0000000100000000)
  eden space 18432K, 0% used [0x00000000d5580000,0x00000000d5580000,0x00000000d6780000)
  from space 3584K, 89% used [0x00000000d6c80000,0x00000000d6fa27b8,0x00000000d7000000)
  to   space 3584K, 0% used [0x00000000d6900000,0x00000000d6900000,0x00000000d6c80000)
 ParOldGen       total 69632K, used 69276K [0x0000000080000000, 0x0000000084400000, 0x00000000d5580000)
  object space 69632K, 99% used [0x0000000080000000,0x00000000843a7088,0x0000000084400000)
 Metaspace       used 58415K, committed 59776K, reserved 1114112K
  class space    used 6190K, committed 6784K, reserved 1048576K
}
Event: 20.182 GC heap before
{Heap before GC invocations=51 (full 3):
 PSYoungGen      total 22016K, used 3209K [0x00000000d5580000, 0x00000000d7000000, 0x0000000100000000)
  eden space 18432K, 0% used [0x00000000d5580000,0x00000000d5580000,0x00000000d6780000)
  from space 3584K, 89% used [0x00000000d6c80000,0x00000000d6fa27b8,0x00000000d7000000)
  to   space 3584K, 0% used [0x00000000d6900000,0x00000000d6900000,0x00000000d6c80000)
 ParOldGen       total 69632K, used 69276K [0x0000000080000000, 0x0000000084400000, 0x00000000d5580000)
  object space 69632K, 99% used [0x0000000080000000,0x00000000843a7088,0x0000000084400000)
 Metaspace       used 58415K, committed 59776K, reserved 1114112K
  class space    used 6190K, committed 6784K, reserved 1048576K
}
Event: 20.292 GC heap after
{Heap after GC invocations=51 (full 3):
 PSYoungGen      total 22016K, used 0K [0x00000000d5580000, 0x00000000d7000000, 0x0000000100000000)
  eden space 18432K, 0% used [0x00000000d5580000,0x00000000d5580000,0x00000000d6780000)
  from space 3584K, 0% used [0x00000000d6c80000,0x00000000d6c80000,0x00000000d7000000)
  to   space 3584K, 0% used [0x00000000d6900000,0x00000000d6900000,0x00000000d6c80000)
 ParOldGen       total 69632K, used 54257K [0x0000000080000000, 0x0000000084400000, 0x00000000d5580000)
  object space 69632K, 77% used [0x0000000080000000,0x00000000834fc6b8,0x0000000084400000)
 Metaspace       used 58415K, committed 59776K, reserved 1114112K
  class space    used 6190K, committed 6784K, reserved 1048576K
}

