# JRE version: OpenJDK Runtime Environment Temurin-21.0.10+7 (21.0.10+7) (build 21.0.10+7-LTS)
# Java VM: OpenJDK 64-Bit Server VM Temurin-21.0.10+7 (21.0.10+7-LTS, mixed mode, sharing, tiered, compressed oops, compressed class ptrs, parallel gc, windows-amd64)
GC Precious Log:
 CardTable entry size: 512
 CPUs: 8 total, 8 available
 Memory: 7439M
 Large Page Support: Disabled
 NUMA Support: Disabled
 Compressed Oops: Enabled (32-bit)
 Alignments: Space 512K, Generation 512K, Heap 2M
 Heap Min Capacity: 100M
 Heap Initial Capacity: 100M
 Heap Max Capacity: 2G
 Pre-touch: Disabled
 Parallel Workers: 8
Heap:
 PSYoungGen      total 3584K, used 512K [0x00000000d5580000, 0x00000000d5a80000, 0x0000000100000000)
  eden space 3072K, 0% used [0x00000000d5580000,0x00000000d5580000,0x00000000d5880000)
  from space 512K, 100% used [0x00000000d5980000,0x00000000d5a00000,0x00000000d5a00000)
  to   space 512K, 0% used [0x00000000d5a00000,0x00000000d5a00000,0x00000000d5a80000)
 ParOldGen       total 330752K, used 73036K [0x0000000080000000, 0x0000000094300000, 0x00000000d5580000)
  object space 330752K, 22% used [0x0000000080000000,0x0000000084753008,0x0000000094300000)
 Metaspace       used 76451K, committed 78208K, reserved 1179648K
  class space    used 8000K, committed 8768K, reserved 1048576K
GC Heap History (20 events):
Event: 294.815 GC heap before
{Heap before GC invocations=449 (full 4):
 PSYoungGen      total 4096K, used 256K [0x00000000d5580000, 0x00000000d5a80000, 0x0000000100000000)
  eden space 3072K, 0% used [0x00000000d5580000,0x00000000d5580000,0x00000000d5880000)
  from space 1024K, 25% used [0x00000000d5880000,0x00000000d58c0000,0x00000000d5980000)
  to   space 512K, 0% used [0x00000000d5a00000,0x00000000d5a00000,0x00000000d5a80000)
 ParOldGen       total 330752K, used 330610K [0x0000000080000000, 0x0000000094300000, 0x00000000d5580000)
  object space 330752K, 99% used [0x0000000080000000,0x00000000942dcb80,0x0000000094300000)
 Metaspace       used 77168K, committed 78848K, reserved 1179648K
  class space    used 8062K, committed 8768K, reserved 1048576K
}
Event: 295.096 GC heap after
{Heap after GC invocations=449 (full 4):
 PSYoungGen      total 4096K, used 0K [0x00000000d5580000, 0x00000000d5a80000, 0x0000000100000000)
  eden space 3072K, 0% used [0x00000000d5580000,0x00000000d5580000,0x00000000d5880000)
  from space 1024K, 0% used [0x00000000d5880000,0x00000000d5880000,0x00000000d5980000)
  to   space 512K, 0% used [0x00000000d5a00000,0x00000000d5a00000,0x00000000d5a80000)
 ParOldGen       total 330752K, used 64556K [0x0000000080000000, 0x0000000094300000, 0x00000000d5580000)
  object space 330752K, 19% used [0x0000000080000000,0x0000000083f0b0c0,0x0000000094300000)
 Metaspace       used 76102K, committed 78144K, reserved 1179648K
  class space    used 7969K, committed 8768K, reserved 1048576K
}
Event: 351.304 GC heap before
{Heap before GC invocations=450 (full 4):
 PSYoungGen      total 4096K, used 3071K [0x00000000d5580000, 0x00000000d5a80000, 0x0000000100000000)
  eden space 3072K, 99% used [0x00000000d5580000,0x00000000d587ffd0,0x00000000d5880000)
  from space 1024K, 0% used [0x00000000d5880000,0x00000000d5880000,0x00000000d5980000)
  to   space 512K, 0% used [0x00000000d5a00000,0x00000000d5a00000,0x00000000d5a80000)
 ParOldGen       total 330752K, used 64556K [0x0000000080000000, 0x0000000094300000, 0x00000000d5580000)
  object space 330752K, 19% used [0x0000000080000000,0x0000000083f0b0c0,0x0000000094300000)
 Metaspace       used 76321K, committed 78208K, reserved 1179648K
  class space    used 7992K, committed 8768K, reserved 1048576K
}
Event: 351.335 GC heap after
{Heap after GC invocations=450 (full 4):
 PSYoungGen      total 3584K, used 480K [0x00000000d5580000, 0x00000000d5a80000, 0x0000000100000000)
  eden space 3072K, 0% used [0x00000000d5580000,0x00000000d5580000,0x00000000d5880000)
  from space 512K, 93% used [0x00000000d5a00000,0x00000000d5a78000,0x00000000d5a80000)
  to   space 1024K, 0% used [0x00000000d5880000,0x00000000d5880000,0x00000000d5980000)
 ParOldGen       total 330752K, used 64556K [0x0000000080000000, 0x0000000094300000, 0x00000000d5580000)
  object space 330752K, 19% used [0x0000000080000000,0x0000000083f0b0c0,0x0000000094300000)
 Metaspace       used 76321K, committed 78208K, reserved 1179648K
  class space    used 7992K, committed 8768K, reserved 1048576K
}
Event: 557.095 GC heap before
{Heap before GC invocations=451 (full 4):
 PSYoungGen      total 3584K, used 3551K [0x00000000d5580000, 0x00000000d5a80000, 0x0000000100000000)
  eden space 3072K, 99% used [0x00000000d5580000,0x00000000d587ffc8,0x00000000d5880000)
  from space 512K, 93% used [0x00000000d5a00000,0x00000000d5a78000,0x00000000d5a80000)
  to   space 1024K, 0% used [0x00000000d5880000,0x00000000d5880000,0x00000000d5980000)
 ParOldGen       total 330752K, used 64556K [0x0000000080000000, 0x0000000094300000, 0x00000000d5580000)
  object space 330752K, 19% used [0x0000000080000000,0x0000000083f0b0c0,0x0000000094300000)
 Metaspace       used 76397K, committed 78208K, reserved 1179648K
  class space    used 7999K, committed 8768K, reserved 1048576K
}
Event: 557.142 GC heap after
{Heap after GC invocations=451 (full 4):
 PSYoungGen      total 4096K, used 416K [0x00000000d5580000, 0x00000000d5a80000, 0x0000000100000000)
  eden space 3072K, 0% used [0x00000000d5580000,0x00000000d5580000,0x00000000d5880000)
  from space 1024K, 40% used [0x00000000d5880000,0x00000000d58e8020,0x00000000d5980000)
  to   space 512K, 0% used [0x00000000d5a00000,0x00000000d5a00000,0x00000000d5a80000)
 ParOldGen       total 330752K, used 64908K [0x0000000080000000, 0x0000000094300000, 0x00000000d5580000)
  object space 330752K, 19% used [0x0000000080000000,0x0000000083f630c0,0x0000000094300000)
 Metaspace       used 76397K, committed 78208K, reserved 1179648K
  class space    used 7999K, committed 8768K, reserved 1048576K
}
Event: 557.428 GC heap before
{Heap before GC invocations=452 (full 4):
 PSYoungGen      total 4096K, used 3488K [0x00000000d5580000, 0x00000000d5a80000, 0x0000000100000000)
  eden space 3072K, 100% used [0x00000000d5580000,0x00000000d5880000,0x00000000d5880000)
  from space 1024K, 40% used [0x00000000d5880000,0x00000000d58e8020,0x00000000d5980000)
  to   space 512K, 0% used [0x00000000d5a00000,0x00000000d5a00000,0x00000000d5a80000)
 ParOldGen       total 330752K, used 64908K [0x0000000080000000, 0x0000000094300000, 0x00000000d5580000)
  object space 330752K, 19% used [0x0000000080000000,0x0000000083f630c0,0x0000000094300000)
 Metaspace       used 76411K, committed 78208K, reserved 1179648K
  class space    used 8000K, committed 8768K, reserved 1048576K
}
Event: 557.431 GC heap after
{Heap after GC invocations=452 (full 4):
 PSYoungGen      total 3584K, used 512K [0x00000000d5580000, 0x00000000d5a80000, 0x0000000100000000)
  eden space 3072K, 0% used [0x00000000d5580000,0x00000000d5580000,0x00000000d5880000)
  from space 512K, 100% used [0x00000000d5a00000,0x00000000d5a80000,0x00000000d5a80000)
  to   space 1024K, 0% used [0x00000000d5880000,0x00000000d5880000,0x00000000d5980000)
 ParOldGen       total 330752K, used 65152K [0x0000000080000000, 0x0000000094300000, 0x00000000d5580000)
  object space 330752K, 19% used [0x0000000080000000,0x0000000083fa00f0,0x0000000094300000)
 Metaspace       used 76411K, committed 78208K, reserved 1179648K
  class space    used 8000K, committed 8768K, reserved 1048576K
}
Event: 648.406 GC heap before
{Heap before GC invocations=453 (full 4):
 PSYoungGen      total 3584K, used 3584K [0x00000000d5580000, 0x00000000d5a80000, 0x0000000100000000)
  eden space 3072K, 100% used [0x00000000d5580000,0x00000000d5880000,0x00000000d5880000)
  from space 512K, 100% used [0x00000000d5a00000,0x00000000d5a80000,0x00000000d5a80000)
  to   space 1024K, 0% used [0x00000000d5880000,0x00000000d5880000,0x00000000d5980000)
 ParOldGen       total 330752K, used 65152K [0x0000000080000000, 0x0000000094300000, 0x00000000d5580000)
  object space 330752K, 19% used [0x0000000080000000,0x0000000083fa00f0,0x0000000094300000)
 Metaspace       used 76411K, committed 78208K, reserved 1179648K
  class space    used 8000K, committed 8768K, reserved 1048576K
}
Event: 648.424 GC heap after
{Heap after GC invocations=453 (full 4):
 PSYoungGen      total 4096K, used 224K [0x00000000d5580000, 0x00000000d5a80000, 0x0000000100000000)
  eden space 3072K, 0% used [0x00000000d5580000,0x00000000d5580000,0x00000000d5880000)
  from space 1024K, 21% used [0x00000000d5880000,0x00000000d58b8000,0x00000000d5980000)
  to   space 512K, 0% used [0x00000000d5a00000,0x00000000d5a00000,0x00000000d5a80000)
 ParOldGen       total 330752K, used 65192K [0x0000000080000000, 0x0000000094300000, 0x00000000d5580000)
  object space 330752K, 19% used [0x0000000080000000,0x0000000083faa0f0,0x0000000094300000)
 Metaspace       used 76411K, committed 78208K, reserved 1179648K
  class space    used 8000K, committed 8768K, reserved 1048576K
}
Event: 875.596 GC heap before
{Heap before GC invocations=454 (full 4):
 PSYoungGen      total 4096K, used 3280K [0x00000000d5580000, 0x00000000d5a80000, 0x0000000100000000)
  eden space 3072K, 99% used [0x00000000d5580000,0x00000000d587c018,0x00000000d5880000)
  from space 1024K, 21% used [0x00000000d5880000,0x00000000d58b8000,0x00000000d5980000)
  to   space 512K, 0% used [0x00000000d5a00000,0x00000000d5a00000,0x00000000d5a80000)
 ParOldGen       total 330752K, used 65192K [0x0000000080000000, 0x0000000094300000, 0x00000000d5580000)
  object space 330752K, 19% used [0x0000000080000000,0x0000000083faa0f0,0x0000000094300000)
 Metaspace       used 76426K, committed 78208K, reserved 1179648K
  class space    used 8000K, committed 8768K, reserved 1048576K
}
Event: 875.624 GC heap after
{Heap after GC invocations=454 (full 4):
 PSYoungGen      total 3584K, used 464K [0x00000000d5580000, 0x00000000d5a80000, 0x0000000100000000)
  eden space 3072K, 0% used [0x00000000d5580000,0x00000000d5580000,0x00000000d5880000)
  from space 512K, 90% used [0x00000000d5a00000,0x00000000d5a74030,0x00000000d5a80000)
  to   space 512K, 0% used [0x00000000d5980000,0x00000000d5980000,0x00000000d5a00000)
 ParOldGen       total 330752K, used 65280K [0x0000000080000000, 0x0000000094300000, 0x00000000d5580000)
  object space 330752K, 19% used [0x0000000080000000,0x0000000083fc00f0,0x0000000094300000)
 Metaspace       used 76426K, committed 78208K, reserved 1179648K
  class space    used 8000K, committed 8768K, reserved 1048576K
}
Event: 875.874 GC heap before
{Heap before GC invocations=455 (full 4):
 PSYoungGen      total 3584K, used 3536K [0x00000000d5580000, 0x00000000d5a80000, 0x0000000100000000)
  eden space 3072K, 100% used [0x00000000d5580000,0x00000000d5880000,0x00000000d5880000)
  from space 512K, 90% used [0x00000000d5a00000,0x00000000d5a74030,0x00000000d5a80000)
  to   space 512K, 0% used [0x00000000d5980000,0x00000000d5980000,0x00000000d5a00000)
 ParOldGen       total 330752K, used 65280K [0x0000000080000000, 0x0000000094300000, 0x00000000d5580000)
  object space 330752K, 19% used [0x0000000080000000,0x0000000083fc00f0,0x0000000094300000)
 Metaspace       used 76444K, committed 78208K, reserved 1179648K
  class space    used 8000K, committed 8768K, reserved 1048576K
}
Event: 875.879 GC heap after
{Heap after GC invocations=455 (full 4):
 PSYoungGen      total 3584K, used 512K [0x00000000d5580000, 0x00000000d5a80000, 0x0000000100000000)
  eden space 3072K, 0% used [0x00000000d5580000,0x00000000d5580000,0x00000000d5880000)
  from space 512K, 100% used [0x00000000d5980000,0x00000000d5a00000,0x00000000d5a00000)
  to   space 512K, 0% used [0x00000000d5a00000,0x00000000d5a00000,0x00000000d5a80000)
 ParOldGen       total 330752K, used 65456K [0x0000000080000000, 0x0000000094300000, 0x00000000d5580000)
  object space 330752K, 19% used [0x0000000080000000,0x0000000083fec110,0x0000000094300000)
 Metaspace       used 76444K, committed 78208K, reserved 1179648K
  class space    used 8000K, committed 8768K, reserved 1048576K
}
Event: 876.020 GC heap before
{Heap before GC invocations=456 (full 4):
 PSYoungGen      total 3584K, used 3584K [0x00000000d5580000, 0x00000000d5a80000, 0x0000000100000000)
  eden space 3072K, 100% used [0x00000000d5580000,0x00000000d5880000,0x00000000d5880000)
  from space 512K, 100% used [0x00000000d5980000,0x00000000d5a00000,0x00000000d5a00000)
  to   space 512K, 0% used [0x00000000d5a00000,0x00000000d5a00000,0x00000000d5a80000)
 ParOldGen       total 330752K, used 65456K [0x0000000080000000, 0x0000000094300000, 0x00000000d5580000)
  object space 330752K, 19% used [0x0000000080000000,0x0000000083fec110,0x0000000094300000)
 Metaspace       used 76444K, committed 78208K, reserved 1179648K
  class space    used 8000K, committed 8768K, reserved 1048576K
}
Event: 876.024 GC heap after
{Heap after GC invocations=456 (full 4):
 PSYoungGen      total 3584K, used 192K [0x00000000d5580000, 0x00000000d5a80000, 0x0000000100000000)
  eden space 3072K, 0% used [0x00000000d5580000,0x00000000d5580000,0x00000000d5880000)
  from space 512K, 37% used [0x00000000d5a00000,0x00000000d5a30000,0x00000000d5a80000)
  to   space 512K, 0% used [0x00000000d5980000,0x00000000d5980000,0x00000000d5a00000)
 ParOldGen       total 330752K, used 65560K [0x0000000080000000, 0x0000000094300000, 0x00000000d5580000)
  object space 330752K, 19% used [0x0000000080000000,0x0000000084006110,0x0000000094300000)
 Metaspace       used 76444K, committed 78208K, reserved 1179648K
  class space    used 8000K, committed 8768K, reserved 1048576K
}
Event: 960.580 GC heap before
{Heap before GC invocations=457 (full 4):
 PSYoungGen      total 3584K, used 3264K [0x00000000d5580000, 0x00000000d5a80000, 0x0000000100000000)
  eden space 3072K, 100% used [0x00000000d5580000,0x00000000d5880000,0x00000000d5880000)
  from space 512K, 37% used [0x00000000d5a00000,0x00000000d5a30000,0x00000000d5a80000)
  to   space 512K, 0% used [0x00000000d5980000,0x00000000d5980000,0x00000000d5a00000)
 ParOldGen       total 330752K, used 65560K [0x0000000080000000, 0x0000000094300000, 0x00000000d5580000)
  object space 330752K, 19% used [0x0000000080000000,0x0000000084006110,0x0000000094300000)
 Metaspace       used 76451K, committed 78208K, reserved 1179648K
  class space    used 8000K, committed 8768K, reserved 1048576K
}
Event: 962.601 GC heap after
{Heap after GC invocations=457 (full 4):
 PSYoungGen      total 3584K, used 512K [0x00000000d5580000, 0x00000000d5a80000, 0x0000000100000000)
  eden space 3072K, 0% used [0x00000000d5580000,0x00000000d5580000,0x00000000d5880000)
  from space 512K, 100% used [0x00000000d5980000,0x00000000d5a00000,0x00000000d5a00000)
  to   space 512K, 0% used [0x00000000d5a00000,0x00000000d5a00000,0x00000000d5a80000)
 ParOldGen       total 330752K, used 67195K [0x0000000080000000, 0x0000000094300000, 0x00000000d5580000)
  object space 330752K, 20% used [0x0000000080000000,0x000000008419efe8,0x0000000094300000)
 Metaspace       used 76451K, committed 78208K, reserved 1179648K
  class space    used 8000K, committed 8768K, reserved 1048576K
}
Event: 962.609 GC heap before
{Heap before GC invocations=458 (full 4):
 PSYoungGen      total 3584K, used 3584K [0x00000000d5580000, 0x00000000d5a80000, 0x0000000100000000)
  eden space 3072K, 100% used [0x00000000d5580000,0x00000000d5880000,0x00000000d5880000)
  from space 512K, 100% used [0x00000000d5980000,0x00000000d5a00000,0x00000000d5a00000)
  to   space 512K, 0% used [0x00000000d5a00000,0x00000000d5a00000,0x00000000d5a80000)
 ParOldGen       total 330752K, used 67195K [0x0000000080000000, 0x0000000094300000, 0x00000000d5580000)
  object space 330752K, 20% used [0x0000000080000000,0x000000008419efe8,0x0000000094300000)
 Metaspace       used 76451K, committed 78208K, reserved 1179648K
  class space    used 8000K, committed 8768K, reserved 1048576K
}
Event: 964.637 GC heap after
{Heap after GC invocations=458 (full 4):
 PSYoungGen      total 3584K, used 512K [0x00000000d5580000, 0x00000000d5a80000, 0x0000000100000000)
  eden space 3072K, 0% used [0x00000000d5580000,0x00000000d5580000,0x00000000d5880000)
  from space 512K, 100% used [0x00000000d5a00000,0x00000000d5a80000,0x00000000d5a80000)
  to   space 512K, 0% used [0x00000000d5980000,0x00000000d5980000,0x00000000d5a00000)
 ParOldGen       total 330752K, used 70228K [0x0000000080000000, 0x0000000094300000, 0x00000000d5580000)
  object space 330752K, 21% used [0x0000000080000000,0x0000000084495008,0x0000000094300000)
 Metaspace       used 76451K, committed 78208K, reserved 1179648K
  class space    used 8000K, committed 8768K, reserved 1048576K
}

