<?xml version="1.0" encoding="UTF-8"?>
<testsuite xmlns:xsi="http://www.w3.org/2001/XMLSchema-instance" xsi:noNamespaceSchemaLocation="https://maven.apache.org/surefire/maven-surefire-plugin/xsd/surefire-test-report-3.0.xsd" version="3.0" name="com.company.api.tests.PublicApiTest$JsonPlaceholderAdditionalTests" time="1.192" tests="3" errors="0" skipped="0" failures="0">
  <properties>
[...]
</properties>
  <testcase name="listTodos" classname="com.company.api.tests.PublicApiTest$JsonPlaceholderAdditionalTests" time="0.366"/>
  <testcase name="listAlbums" classname="com.company.api.tests.PublicApiTest$JsonPlaceholderAdditionalTests" time="0.162"/>
  <testcase name="listComments" classname="com.company.api.tests.PublicApiTest$JsonPlaceholderAdditionalTests" time="0.638"/>
</testsuite>